<?xml version="1.0" encoding="UTF-8"?>
<testsuite xmlns:xsi="http://www.w3.org/2001/XMLSchema-instance" xsi:schemaLocation="https://maven.apache.org/surefire/maven-surefire-plugin/xsd/surefire-test-report.xsd" name="TestSuite" time="39.907" tests="4" errors="0" skipped="2" failures="1">
  <properties>
[...]
</properties>
  <testcase name="Login" classname="com.uiframe.testcases.PLogin" time="10.676"/>
  <testcase name="createAdver" classname="com.uiframe.testcases.CreateAddAdver" time="0">
    <skipped/>
    <system-out><![CDATA[2018-05-03 16:14:34,343 [main] INFO  [com.uiframe.testng.TestNGListener.onTestSuccess() Line: 35] - 【Login】测试用例执行成功
2018-05-03 16:14:34,345 [main] INFO  [com.uiframe.testng.TestNGListener.onTestStart() Line: 29] - 【createAdver】测试用例开始执行
2018-05-03 16:14:34,346 [main] INFO  [com.uiframe.baseframe.WebElementUtils.<init>() Line: 33] - MainPage使用元素文件xml：webElementInfos\MainPage.xml
2018-05-03 16:14:34,376 [main] ERROR [com.uiframe.baseframe.WebElementUtils.getElement() Line: 88] - 【投放管理模块】暂未找到，轮询中...
2018-05-03 16:14:34,892 [main] ERROR [com.uiframe.baseframe.WebElementUtils.getElement() Line: 88] - 【投放管理模块】暂未找到，轮询中...
2018-05-03 16:14:35,405 [main] ERROR [com.uiframe.baseframe.WebElementUtils.getElement() Line: 88] - 【投放管理模块】暂未找到，轮询中...
2018-05-03 16:14:35,919 [main] ERROR [com.uiframe.baseframe.WebElementUtils.getElement() Line: 88] - 【投放管理模块】暂未找到，轮询中...
2018-05-03 16:14:36,433 [main] ERROR [com.uiframe.baseframe.WebElementUtils.getElement() Line: 88] - 【投放管理模块】暂未找到，轮询中...
2018-05-03 16:14:36,946 [main] ERROR [com.uiframe.baseframe.WebElementUtils.getElement() Line: 88] - 【投放管理模块】暂未找到，轮询中...
2018-05-03 16:14:37,460 [main] ERROR [com.uiframe.baseframe.WebElementUtils.getElement() Line: 88] - 【投放管理模块】暂未找到，轮询中...
2018-05-03 16:14:37,974 [main] ERROR [com.uiframe.baseframe.WebElementUtils.getElement() Line: 88] - 【投放管理模块】暂未找到，轮询中...
2018-05-03 16:14:38,488 [main] ERROR [com.uiframe.baseframe.WebElementUtils.getElement() Line: 88] - 【投放管理模块】暂未找到，轮询中...
2018-05-03 16:14:39,000 [main] ERROR [com.uiframe.baseframe.WebElementUtils.getElement() Line: 88] - 【投放管理模块】暂未找到，轮询中...
2018-05-03 16:14:39,515 [main] ERROR [com.uiframe.baseframe.WebElementUtils.getElement() Line: 88] - 【投放管理模块】暂未找到，轮询中...
2018-05-03 16:14:39,516 [main] ERROR [com.uiframe.baseframe.WebElementUtils.findElement() Line: 55] - 【投放管理模块】识别失败：识别超时
2018-05-03 16:14:39,793 [main] INFO  [com.uiframe.baseframe.BrowserUtils.takeScreenShot() Line: 96] - 截图保存的路径为:screenshotImgs\error_2018_05_03_16_14_39.png
2018-05-03 16:14:39,797 [main] INFO  [com.uiframe.baseframe.BrowserUtils.takeScreenShot() Line: 99] - 截图成功！！！
2018-05-03 16:14:39,798 [main] ERROR [com.uiframe.baseframe.WebElementUtils.click() Line: 99] - 不能点击【投放管理模块】原因是：java.lang.NullPointerException
2018-05-03 16:14:39,800 [main] INFO  [com.uiframe.testng.TestngRetry.retry() Line: 20] - 测试类：'com.uiframe.testng.TestngRetry' 中的测试方法：'createAdver' 执行失败，重试第 1 次
]]></system-out>
  </testcase>
  <testcase name="createAdver" classname="com.uiframe.testcases.CreateAddAdver" time="0">
    <skipped/>
    <system-out><![CDATA[2018-05-03 16:14:39,801 [main] ERROR [com.uiframe.testng.TestNGListener.onTestSkipped() Line: 48] - 【createAdver】测试用例被跳过
2018-05-03 16:14:39,802 [main] INFO  [com.uiframe.testng.TestNGListener.onTestStart() Line: 29] - 【createAdver】测试用例开始执行
2018-05-03 16:14:39,802 [main] INFO  [com.uiframe.baseframe.WebElementUtils.<init>() Line: 33] - MainPage使用元素文件xml：webElementInfos\MainPage.xml
2018-05-03 16:14:39,827 [main] ERROR [com.uiframe.baseframe.WebElementUtils.getElement() Line: 88] - 【投放管理模块】暂未找到，轮询中...
2018-05-03 16:14:40,340 [main] ERROR [com.uiframe.baseframe.WebElementUtils.getElement() Line: 88] - 【投放管理模块】暂未找到，轮询中...
2018-05-03 16:14:40,854 [main] ERROR [com.uiframe.baseframe.WebElementUtils.getElement() Line: 88] - 【投放管理模块】暂未找到，轮询中...
2018-05-03 16:14:41,369 [main] ERROR [com.uiframe.baseframe.WebElementUtils.getElement() Line: 88] - 【投放管理模块】暂未找到，轮询中...
2018-05-03 16:14:41,883 [main] ERROR [com.uiframe.baseframe.WebElementUtils.getElement() Line: 88] - 【投放管理模块】暂未找到，轮询中...
2018-05-03 16:14:42,399 [main] ERROR [com.uiframe.baseframe.WebElementUtils.getElement() Line: 88] - 【投放管理模块】暂未找到，轮询中...
2018-05-03 16:14:42,912 [main] ERROR [com.uiframe.baseframe.WebElementUtils.getElement() Line: 88] - 【投放管理模块】暂未找到，轮询中...
2018-05-03 16:14:43,426 [main] ERROR [com.uiframe.baseframe.WebElementUtils.getElement() Line: 88] - 【投放管理模块】暂未找到，轮询中...
2018-05-03 16:14:43,940 [main] ERROR [com.uiframe.baseframe.WebElementUtils.getElement() Line: 88] - 【投放管理模块】暂未找到，轮询中...
2018-05-03 16:14:44,454 [main] ERROR [com.uiframe.baseframe.WebElementUtils.getElement() Line: 88] - 【投放管理模块】暂未找到，轮询中...
2018-05-03 16:14:44,970 [main] ERROR [com.uiframe.baseframe.WebElementUtils.getElement() Line: 88] - 【投放管理模块】暂未找到，轮询中...
2018-05-03 16:14:44,971 [main] ERROR [com.uiframe.baseframe.WebElementUtils.findElement() Line: 55] - 【投放管理模块】识别失败：识别超时
2018-05-03 16:14:45,324 [main] INFO  [com.uiframe.baseframe.BrowserUtils.takeScreenShot() Line: 96] - 截图保存的路径为:screenshotImgs\error_2018_05_03_16_14_44.png
2018-05-03 16:14:45,328 [main] INFO  [com.uiframe.baseframe.BrowserUtils.takeScreenShot() Line: 99] - 截图成功！！！
2018-05-03 16:14:45,328 [main] ERROR [com.uiframe.baseframe.WebElementUtils.click() Line: 99] - 不能点击【投放管理模块】原因是：java.lang.NullPointerException
2018-05-03 16:14:45,329 [main] INFO  [com.uiframe.testng.TestngRetry.retry() Line: 20] - 测试类：'com.uiframe.testng.TestngRetry' 中的测试方法：'createAdver' 执行失败，重试第 2 次
]]></system-out>
  </testcase>
  <testcase name="createAdver" classname="com.uiframe.testcases.CreateAddAdver" time="5.475">
    <failure type="java.lang.AssertionError:">java.lang.AssertionError: null
	at com.uiframe.testcases.CreateAddAdver.createAdver(CreateAddAdver.java:52)
</failure>
    <system-out><![CDATA[2018-05-03 16:14:45,329 [main] ERROR [com.uiframe.testng.TestNGListener.onTestSkipped() Line: 48] - 【createAdver】测试用例被跳过
2018-05-03 16:14:45,330 [main] INFO  [com.uiframe.testng.TestNGListener.onTestStart() Line: 29] - 【createAdver】测试用例开始执行
2018-05-03 16:14:45,330 [main] INFO  [com.uiframe.baseframe.WebElementUtils.<init>() Line: 33] - MainPage使用元素文件xml：webElementInfos\MainPage.xml
2018-05-03 16:14:45,348 [main] ERROR [com.uiframe.baseframe.WebElementUtils.getElement() Line: 88] - 【投放管理模块】暂未找到，轮询中...
2018-05-03 16:14:45,862 [main] ERROR [com.uiframe.baseframe.WebElementUtils.getElement() Line: 88] - 【投放管理模块】暂未找到，轮询中...
2018-05-03 16:14:46,383 [main] ERROR [com.uiframe.baseframe.WebElementUtils.getElement() Line: 88] - 【投放管理模块】暂未找到，轮询中...
2018-05-03 16:14:46,897 [main] ERROR [com.uiframe.baseframe.WebElementUtils.getElement() Line: 88] - 【投放管理模块】暂未找到，轮询中...
2018-05-03 16:14:47,411 [main] ERROR [com.uiframe.baseframe.WebElementUtils.getElement() Line: 88] - 【投放管理模块】暂未找到，轮询中...
2018-05-03 16:14:47,925 [main] ERROR [com.uiframe.baseframe.WebElementUtils.getElement() Line: 88] - 【投放管理模块】暂未找到，轮询中...
2018-05-03 16:14:48,440 [main] ERROR [com.uiframe.baseframe.WebElementUtils.getElement() Line: 88] - 【投放管理模块】暂未找到，轮询中...
2018-05-03 16:14:48,954 [main] ERROR [com.uiframe.baseframe.WebElementUtils.getElement() Line: 88] - 【投放管理模块】暂未找到，轮询中...
2018-05-03 16:14:49,467 [main] ERROR [com.uiframe.baseframe.WebElementUtils.getElement() Line: 88] - 【投放管理模块】暂未找到，轮询中...
2018-05-03 16:14:49,981 [main] ERROR [com.uiframe.baseframe.WebElementUtils.getElement() Line: 88] - 【投放管理模块】暂未找到，轮询中...
2018-05-03 16:14:50,495 [main] ERROR [com.uiframe.baseframe.WebElementUtils.getElement() Line: 88] - 【投放管理模块】暂未找到，轮询中...
2018-05-03 16:14:50,496 [main] ERROR [com.uiframe.baseframe.WebElementUtils.findElement() Line: 55] - 【投放管理模块】识别失败：识别超时
2018-05-03 16:14:50,793 [main] INFO  [com.uiframe.baseframe.BrowserUtils.takeScreenShot() Line: 96] - 截图保存的路径为:screenshotImgs\error_2018_05_03_16_14_50.png
2018-05-03 16:14:50,797 [main] INFO  [com.uiframe.baseframe.BrowserUtils.takeScreenShot() Line: 99] - 截图成功！！！
2018-05-03 16:14:50,797 [main] ERROR [com.uiframe.baseframe.WebElementUtils.click() Line: 99] - 不能点击【投放管理模块】原因是：java.lang.NullPointerException
]]></system-out>
  </testcase>
</testsuite>