<?xml version="1.0" encoding="UTF-8"?>
<testng-results skipped="0" failed="0" total="4" passed="4">
  <reporter-output>
    <line>
      <![CDATA[[debug] projectUrl:http://hizhubang.hizhu.com/]]>
    </line>
    <line>
      <![CDATA[[debug] screenShotPath:screenshotImgs\]]>
    </line>
    <line>
      <![CDATA[[debug] isPrintMsgToReport:3]]>
    </line>
    <line>
      <![CDATA[[debug] maxRetryTimes:2]]>
    </line>
    <line>
      <![CDATA[[debug] testCasePath:testCaseDatas\]]>
    </line>
    <line>
      <![CDATA[[debug] codeImagePath:tessdata\vrCodeImage\codeImage.png]]>
    </line>
    <line>
      <![CDATA[[debug] driverType:1]]>
    </line>
    <line>
      <![CDATA[[debug] firefoxDriver:webDrivers\geckodriver.exe]]>
    </line>
    <line>
      <![CDATA[[debug] chromeDriver:webDrivers\chromedriver.exe]]>
    </line>
    <line>
      <![CDATA[[debug] elementsPath:webElementInfos\]]>
    </line>
    <line>
      <![CDATA[[info] 测试初始化]]>
    </line>
    <line>
      <![CDATA[[info] 测试初始化]]>
    </line>
    <line>
      <![CDATA[[info] 【asetUp】测试用例开始执行]]>
    </line>
    <line>
      <![CDATA[[info] 【asetUp】测试用例开始执行]]>
    </line>
    <line>
      <![CDATA[[info] LoginPage使用元素文件xml：webElementInfos\LoginPage.xml]]>
    </line>
    <line>
      <![CDATA[[debug] projectUrl:http://hizhubang.hizhu.com/]]>
    </line>
    <line>
      <![CDATA[[debug] screenShotPath:screenshotImgs\]]>
    </line>
    <line>
      <![CDATA[[debug] isPrintMsgToReport:3]]>
    </line>
    <line>
      <![CDATA[[debug] maxRetryTimes:2]]>
    </line>
    <line>
      <![CDATA[[debug] testCasePath:testCaseDatas\]]>
    </line>
    <line>
      <![CDATA[[debug] codeImagePath:tessdata\vrCodeImage\codeImage.png]]>
    </line>
    <line>
      <![CDATA[[debug] driverType:1]]>
    </line>
    <line>
      <![CDATA[[debug] firefoxDriver:webDrivers\geckodriver.exe]]>
    </line>
    <line>
      <![CDATA[[debug] chromeDriver:webDrivers\chromedriver.exe]]>
    </line>
    <line>
      <![CDATA[[debug] elementsPath:webElementInfos\]]>
    </line>
    <line>
      <![CDATA[[info] 测试初始化]]>
    </line>
    <line>
      <![CDATA[[info] 测试初始化]]>
    </line>
    <line>
      <![CDATA[[info] 【asetUp】测试用例开始执行]]>
    </line>
    <line>
      <![CDATA[[info] 【asetUp】测试用例开始执行]]>
    </line>
    <line>
      <![CDATA[[info] LoginPage使用元素文件xml：webElementInfos\LoginPage.xml]]>
    </line>
    <line>
      <![CDATA[[info] 打开网址：http://hizhubang.hizhu.com]]>
    </line>
    <line>
      <![CDATA[[info] 【asetUp】测试用例执行成功]]>
    </line>
    <line>
      <![CDATA[[info] 打开网址：http://hizhubang.hizhu.com]]>
    </line>
    <line>
      <![CDATA[[info] 【login】测试用例开始执行]]>
    </line>
    <line>
      <![CDATA[[info] 【用户名输入框】识别成功]]>
    </line>
    <line>
      <![CDATA[[info] 【asetUp】测试用例执行成功]]>
    </line>
    <line>
      <![CDATA[[info] 【login】测试用例开始执行]]>
    </line>
    <line>
      <![CDATA[[info] 【用户名输入框】识别成功]]>
    </line>
    <line>
      <![CDATA[[info] 【密码输入框】识别成功]]>
    </line>
    <line>
      <![CDATA[[info] 【密码输入框】识别成功]]>
    </line>
    <line>
      <![CDATA[[info] 【login】测试用例执行成功]]>
    </line>
    <line>
      <![CDATA[[info] 【login】测试用例执行成功]]>
    </line>
  </reporter-output>
  <suite name="testallsuite" duration-ms="7216" started-at="2018-07-26T02:16:43Z" finished-at="2018-07-26T02:16:50Z">
    <groups>
    </groups>
    <test name="2" duration-ms="7180" started-at="2018-07-26T02:16:43Z" finished-at="2018-07-26T02:16:50Z">
      <class name="com.uiframe.testcases.LoginCase">
        <test-method status="PASS" signature="asetUp(java.lang.String)[pri:0, instance:com.uiframe.testcases.LoginCase@3ce1e309]" name="asetUp" duration-ms="6962" started-at="2018-07-26T10:16:43Z" finished-at="2018-07-26T10:16:50Z">
          <params>
            <param index="0">
              <value>
                <![CDATA[firefox]]>
              </value>
            </param>
          </params>
          <reporter-output>
            <line>
              <![CDATA[[info] LoginPage使用元素文件xml：webElementInfos\LoginPage.xml]]>
            </line>
            <line>
              <![CDATA[[info] 打开网址：http://hizhubang.hizhu.com]]>
            </line>
            <line>
              <![CDATA[[info] 【asetUp】测试用例执行成功]]>
            </line>
          </reporter-output>
        </test-method> <!-- asetUp -->
        <test-method status="PASS" signature="login(java.lang.String, java.lang.String)[pri:0, instance:com.uiframe.testcases.LoginCase@3ce1e309]" name="login" duration-ms="198" started-at="2018-07-26T10:16:50Z" finished-at="2018-07-26T10:16:50Z">
          <params>
            <param index="0">
              <value>
                <![CDATA[15000219169]]>
              </value>
            </param>
            <param index="1">
              <value>
                <![CDATA[aa123456,]]>
              </value>
            </param>
          </params>
          <reporter-output>
            <line>
              <![CDATA[[info] 【用户名输入框】识别成功]]>
            </line>
            <line>
              <![CDATA[[info] 【密码输入框】识别成功]]>
            </line>
            <line>
              <![CDATA[[info] 【login】测试用例执行成功]]>
            </line>
          </reporter-output>
        </test-method> <!-- login -->
      </class> <!-- com.uiframe.testcases.LoginCase -->
    </test> <!-- 2 -->
    <test name="158adxtest" duration-ms="7216" started-at="2018-07-26T02:16:43Z" finished-at="2018-07-26T02:16:50Z">
      <class name="com.uiframe.testcases.LoginCase">
        <test-method status="PASS" signature="asetUp(java.lang.String)[pri:0, instance:com.uiframe.testcases.LoginCase@6e171cd7]" name="asetUp" duration-ms="7009" started-at="2018-07-26T10:16:43Z" finished-at="2018-07-26T10:16:50Z">
          <params>
            <param index="0">
              <value>
                <![CDATA[firefox]]>
              </value>
            </param>
          </params>
          <reporter-output>
            <line>
              <![CDATA[[info] LoginPage使用元素文件xml：webElementInfos\LoginPage.xml]]>
            </line>
            <line>
              <![CDATA[[info] 打开网址：http://hizhubang.hizhu.com]]>
            </line>
            <line>
              <![CDATA[[info] 【asetUp】测试用例执行成功]]>
            </line>
          </reporter-output>
        </test-method> <!-- asetUp -->
        <test-method status="PASS" signature="login(java.lang.String, java.lang.String)[pri:0, instance:com.uiframe.testcases.LoginCase@6e171cd7]" name="login" duration-ms="191" started-at="2018-07-26T10:16:50Z" finished-at="2018-07-26T10:16:50Z">
          <params>
            <param index="0">
              <value>
                <![CDATA[15000219168]]>
              </value>
            </param>
            <param index="1">
              <value>
                <![CDATA[aa123456,]]>
              </value>
            </param>
          </params>
          <reporter-output>
            <line>
              <![CDATA[[info] 【用户名输入框】识别成功]]>
            </line>
            <line>
              <![CDATA[[info] 【密码输入框】识别成功]]>
            </line>
            <line>
              <![CDATA[[info] 【login】测试用例执行成功]]>
            </line>
          </reporter-output>
        </test-method> <!-- login -->
      </class> <!-- com.uiframe.testcases.LoginCase -->
    </test> <!-- 158adxtest -->
  </suite> <!-- testallsuite -->
</testng-results>
